app/build/outputs/mapping/release/mapping.txt
# compiler: R8
# compiler_version: 2.1.86
# min_api: 19
# pg_map_id: bef06eb
# common_typos_disable
cl.skualo.portal.pwa.LauncherActivity -> cl.skualo.portal.pwa.LauncherActivity:
    android.net.Uri getLaunchingUrl() -> g
...
com.google.android.gms.common.api.internal.zza -> com.google.android.gms.common.api.internal.s1:
    com.google.android.gms.common.api.internal.zzb zzc -> c
    com.google.android.gms.common.api.internal.LifecycleCallback zza -> a
    java.lang.String zzb -> b
com.google.android.gms.common.api.internal.zzb -> com.google.android.gms.common.api.internal.t1:
    java.util.Map zzb -> a
    android.os.Bundle zzd -> c
    java.util.WeakHashMap zza -> d
    int zzc -> b
    int zza(com.google.android.gms.common.api.internal.zzb) -> a
    com.google.android.gms.common.api.internal.LifecycleCallback getCallbackOrNull(java.lang.String,java.lang.Class) -> b
    android.os.Bundle zzb(com.google.android.gms.common.api.internal.zzb) -> c
    android.app.Activity getLifecycleActivity() -> d
    void addCallback(java.lang.String,com.google.android.gms.common.api.internal.LifecycleCallback) -> e
    com.google.android.gms.common.api.internal.zzb zzc(android.app.Activity) -> f
com.google.android.gms.common.api.internal.zzc -> com.google.android.gms.common.api.internal.u1:
    com.google.android.gms.common.api.internal.zzd zzc -> c
    com.google.android.gms.common.api.internal.LifecycleCallback zza -> a
    java.lang.String zzb -> b
com.google.android.gms.common.api.internal.zzd -> com.google.android.gms.common.api.internal.v1:
    java.util.WeakHashMap zza -> b0
    int zzc -> Z
    java.util.Map zzb -> Y
    android.os.Bundle zzd -> a0
    void onActivityResult(int,int,android.content.Intent) -> R
    void onCreate(android.os.Bundle) -> W
    com.google.android.gms.common.api.internal.LifecycleCallback getCallbackOrNull(java.lang.String,java.lang.Class) -> b
    void onDestroy() -> b0
    android.app.Activity getLifecycleActivity() -> d
    void addCallback(java.lang.String,com.google.android.gms.common.api.internal.LifecycleCallback) -> e
    void dump(java.lang.String,java.io.FileDescriptor,java.io.PrintWriter,java.lang.String[]) -> g
    int zza(com.google.android.gms.common.api.internal.zzd) -> g1
    android.os.Bundle zzb(com.google.android.gms.common.api.internal.zzd) -> h1
    com.google.android.gms.common.api.internal.zzd zzc(androidx.fragment.app.FragmentActivity) -> i1
    void onResume() -> q0
    void onSaveInstanceState(android.os.Bundle) -> r0
    void onStart() -> s0
    void onStop() -> t0
com.google.android.gms.common.api.zaa -> com.google.android.gms.common.api.n:
com.google.android.gms.common.api.zae -> com.google.android.gms.common.api.o:
com.google.android.gms.common.api.zza -> com.google.android.gms.common.api.p:
com.google.android.gms.common.api.zzb -> com.google.android.gms.common.api.q:
com.google.android.gms.common.internal.AccountAccessor -> com.google.android.gms.common.internal.a:
    android.accounts.Account getAccountBinderSafe(com.google.android.gms.common.internal.IAccountAccessor) -> d
com.google.android.gms.common.internal.ApiExceptionUtil -> com.google.android.gms.common.internal.b:
    com.google.android.gms.common.api.ApiException fromStatus(com.google.android.gms.common.api.Status) -> a