app/build/outputs/mapping/release/usage.txt
cl.skualo.portal.pwa.R$id
cl.skualo.portal.pwa.R$bool
cl.skualo.portal.pwa.R$xml
cl.skualo.portal.pwa.twa.LauncherActivity
cl.skualo.portal.pwa.R$dimen
cl.skualo.portal.pwa.BuildConfig
cl.skualo.portal.pwa.R$string
cl.skualo.portal.pwa.R$integer
cl.skualo.portal.pwa.twa.Application
cl.skualo.portal.pwa.R$layout
cl.skualo.portal.pwa.R$color
cl.skualo.portal.pwa.R$styleable
cl.skualo.portal.pwa.R$raw
cl.skualo.portal.pwa.twa.DelegationService
cl.skualo.portal.pwa.R$mipmap
cl.skualo.portal.pwa.R$style
cl.skualo.portal.pwa.R$drawable
cl.skualo.portal.pwa.R$attr
cl.skualo.portal.pwa.R
...
com.google.android.gms.dynamite.DynamiteModule$VersionPolicy$IVersions
androidx.documentfile.provider.DocumentsContractApi19
com.google.android.gms.common.internal.Objects:
    private void <init>()
    public static boolean checkBundlesEquality(android.os.Bundle,android.os.Bundle)
androidx.annotation.InspectableProperty$FlagEntry
com.google.android.gms.common.internal.ServiceSpecificExtraArgs
com.google.android.gms.common.api.internal.ListenerHolder:
    void <init>(java.util.concurrent.Executor,java.lang.Object,java.lang.String)
    public boolean hasListener()
androidx.core.view.accessibility.AccessibilityNodeInfoCompat$RangeInfoCompat
com.google.androidbrowserhelper.trusted.TwaProviderPicker:
    public void <init>()
    static void restrictToPackageForTesting(java.lang.String)
    private static final java.lang.String TAG
androidx.core.widget.TextViewCompat$OreoCallback
androidx.core.util.PatternsCompat
com.google.android.gms.common.api.GoogleApiClient:
    public static java.util.Set getAllClients()
    static void <clinit>()
    public static void dumpAll(java.lang.String,java.io.FileDescriptor,java.io.PrintWriter,java.lang.String[])
    static synthetic bridge java.util.Set zaq()
    public android.content.Context getContext()
    public android.os.Looper getLooper()
    public abstract com.google.android.gms.common.ConnectionResult blockingConnect()
    public abstract com.google.android.gms.common.ConnectionResult blockingConnect(long,java.util.concurrent.TimeUnit)
    public abstract com.google.android.gms.common.ConnectionResult getConnectionResult(com.google.android.gms.common.api.Api)
    public com.google.android.gms.common.api.Api$Client getClient(com.google.android.gms.common.api.Api$AnyClientKey)
    public abstract com.google.android.gms.common.api.PendingResult clearDefaultAccountAndReconnect()
    public com.google.android.gms.common.api.internal.BaseImplementation$ApiMethodImpl enqueue(com.google.android.gms.common.api.internal.BaseImplementation$ApiMethodImpl)
    public com.google.android.gms.common.api.internal.BaseImplementation$ApiMethodImpl execute(com.google.android.gms.common.api.internal.BaseImplementation$ApiMethodImpl)
    public com.google.android.gms.common.api.internal.ListenerHolder registerListener(java.lang.Object)
    public abstract void connect()
    public void connect(int)
    public abstract void disconnect()
androidx.core.net.DatagramSocketWrapper
com.google.android.gms.internal.location.zzbs
com.google.android.gms.common.AccountPicker
com.google.android.gms.common.SignInButton
androidx.concurrent.futures.AbstractResolvableFuture$Waiter
com.google.android.gms.location.zzk
androidx.asynclayoutinflater.R$string
androidx.core.view.inputmethod.InputConnectionCompat
com.google.android.gms.common.api.internal.IStatusCallback$Stub:
    public static com.google.android.gms.common.api.internal.IStatusCallback asInterface(android.os.IBinder)
com.google.android.gms.actions.ReserveIntents
androidx.slidingpanelayout.R$dimen
androidx.core.app.NotificationCompat$Style:
    private android.graphics.Bitmap createColoredBitmap(int,int,int)
    private android.graphics.Bitmap createColoredBitmap(androidx.core.graphics.drawable.IconCompat,int,int)
    private android.graphics.Bitmap createIconWithBackground(int,int,int,int)
    private void hideNormalContent(android.widget.RemoteViews)
    private int calculateTopPadding()
    private static float constrain(float,float,float)
    public android.app.Notification build()
    protected void restoreFromCompatExtras(android.os.Bundle)
    public android.widget.RemoteViews applyStandardTemplate(boolean,int,boolean)
    public android.graphics.Bitmap createColoredBitmap(int,int)
    android.graphics.Bitmap createColoredBitmap(androidx.core.graphics.drawable.IconCompat,int)
    public void buildIntoRemoteViews(android.widget.RemoteViews,android.widget.RemoteViews)
androidx.viewpager.widget.ViewPager$LayoutParams